--------------------------------------------------------------------------------
Function Name: add
Input Parameters: 
(10, 30)
{}
Return value: 40
--------------------------------------------------------------------------------
--------------------------------------------------------------------------------
Function Name: square
Input Parameters: 
(4,)
{}
Return value: 16
--------------------------------------------------------------------------------
--------------------------------------------------------------------------------
Function Name: divide
Input Parameters: 
(10, 0)
{}
--------------------------------------------------------------------------------
Function Name: divide
Input Parameters: 
(10, 0)
{}
